<?xml version="1.0" encoding="UTF-8"?>
<testsuite xmlns:xsi="http://www.w3.org/2001/XMLSchema-instance" xsi:noNamespaceSchemaLocation="https://maven.apache.org/surefire/maven-surefire-plugin/xsd/surefire-test-report-3.0.xsd" version="3.0" name="com.donn.stefany.StefanyApplicationTests" time="14.558" tests="1" errors="0" skipped="0" failures="0">
  <properties>
[...]
</properties>
  <testcase name="contextLoads" classname="com.donn.stefany.StefanyApplicationTests" time="0.619">
    <system-out><![CDATA[19:12:20.799 [main] DEBUG org.springframework.boot.test.context.SpringBootTestContextBootstrapper -- Neither @ContextConfiguration nor @ContextHierarchy found for test class [StefanyApplicationTests]: using SpringBootContextLoader
19:12:20.815 [main] DEBUG org.springframework.test.context.support.AbstractContextLoader -- Could not detect default resource locations for test class [com.donn.stefany.StefanyApplicationTests]: no resource found for suffixes {-context.xml, Context.groovy}.
19:12:20.815 [main] INFO org.springframework.test.context.support.AnnotationConfigContextLoaderUtils -- Could not detect default configuration classes for test class [com.donn.stefany.StefanyApplicationTests]: StefanyApplicationTests does not declare any static, non-private, non-final, nested classes annotated with @Configuration.
19:12:20.857 [main] DEBUG org.springframework.boot.test.context.SpringBootTestContextBootstrapper -- Using ContextCustomizers for test class [StefanyApplicationTests]: [ExcludeFilterContextCustomizer, DuplicateJsonObjectContextCustomizer, MockitoContextCustomizer, TestRestTemplateContextCustomizer, DisableObservabilityContextCustomizer, PropertyMappingContextCustomizer, Customizer]
19:12:20.983 [main] DEBUG org.springframework.context.annotation.ClassPathScanningCandidateComponentProvider -- Identified candidate component class: file [C:\Users\Stefany\Desktop\TP\INTENTO\stefany\target\classes\com\donn\stefany\StefanyApplication.class]
19:12:20.987 [main] INFO org.springframework.boot.test.context.SpringBootTestContextBootstrapper -- Found @SpringBootConfiguration com.donn.stefany.StefanyApplication for test class com.donn.stefany.StefanyApplicationTests
19:12:21.210 [main] DEBUG org.springframework.boot.test.context.SpringBootTestContextBootstrapper -- Using TestExecutionListeners for test class [StefanyApplicationTests]: [ServletTestExecutionListener, DirtiesContextBeforeModesTestExecutionListener, ApplicationEventsTestExecutionListener, MockitoTestExecutionListener, DependencyInjectionTestExecutionListener, DirtiesContextTestExecutionListener, TransactionalTestExecutionListener, SqlScriptsTestExecutionListener, EventPublishingTestExecutionListener, ResetMocksTestExecutionListener, RestDocsTestExecutionListener, MockRestServiceServerResetTestExecutionListener, MockMvcPrintOnlyOnFailureTestExecutionListener, WebDriverTestExecutionListener, MockWebServiceServerTestExecutionListener]
19:12:21.213 [main] DEBUG org.springframework.test.context.support.AbstractDirtiesContextTestExecutionListener -- Before test class: class [StefanyApplicationTests], class annotated with @DirtiesContext [false] with mode [null]

  .   ____          _            __ _ _
 /\\ / ___'_ __ _ _(_)_ __  __ _ \ \ \ \
( ( )\___ | '_ | '_| | '_ \/ _` | \ \ \ \
 \\/  ___)| |_)| | | | | || (_| |  ) ) ) )
  '  |____| .__|_| |_|_| |_\__, | / / / /
 =========|_|==============|___/=/_/_/_/
 :: Spring Boot ::                (v3.0.6)

2023-05-27T19:12:21.745-03:00  INFO 13108 --- [           main] c.donn.stefany.StefanyApplicationTests   : Starting StefanyApplicationTests using Java 17.0.7 with PID 13108 (started by Stefany in C:\Users\Stefany\Desktop\TP\INTENTO\stefany)
2023-05-27T19:12:21.745-03:00  INFO 13108 --- [           main] c.donn.stefany.StefanyApplicationTests   : No active profile set, falling back to 1 default profile: "default"
2023-05-27T19:12:22.896-03:00  INFO 13108 --- [           main] .s.d.r.c.RepositoryConfigurationDelegate : Bootstrapping Spring Data JPA repositories in DEFAULT mode.
2023-05-27T19:12:23.030-03:00  INFO 13108 --- [           main] .s.d.r.c.RepositoryConfigurationDelegate : Finished Spring Data repository scanning in 127 ms. Found 8 JPA repository interfaces.
2023-05-27T19:12:23.800-03:00  INFO 13108 --- [           main] o.hibernate.jpa.internal.util.LogHelper  : HHH000204: Processing PersistenceUnitInfo [name: default]
2023-05-27T19:12:23.892-03:00  INFO 13108 --- [           main] org.hibernate.Version                    : HHH000412: Hibernate ORM core version 6.1.7.Final
2023-05-27T19:12:24.473-03:00  INFO 13108 --- [           main] com.zaxxer.hikari.HikariDataSource       : HikariPool-1 - Starting...
2023-05-27T19:12:28.971-03:00  INFO 13108 --- [           main] com.zaxxer.hikari.pool.HikariPool        : HikariPool-1 - Added connection com.mysql.cj.jdbc.ConnectionImpl@2bdb5e0f
2023-05-27T19:12:28.983-03:00  INFO 13108 --- [           main] com.zaxxer.hikari.HikariDataSource       : HikariPool-1 - Start completed.
2023-05-27T19:12:30.121-03:00  INFO 13108 --- [           main] SQL dialect                              : HHH000400: Using dialect: org.hibernate.dialect.MySQLDialect
2023-05-27T19:12:31.785-03:00  INFO 13108 --- [           main] o.h.e.t.j.p.i.JtaPlatformInitiator       : HHH000490: Using JtaPlatform implementation: [org.hibernate.engine.transaction.jta.platform.internal.NoJtaPlatform]
2023-05-27T19:12:31.820-03:00  INFO 13108 --- [           main] j.LocalContainerEntityManagerFactoryBean : Initialized JPA EntityManagerFactory for persistence unit 'default'
2023-05-27T19:12:33.215-03:00  WARN 13108 --- [           main] JpaBaseConfiguration$JpaWebConfiguration : spring.jpa.open-in-view is enabled by default. Therefore, database queries may be performed during view rendering. Explicitly configure spring.jpa.open-in-view to disable this warning
2023-05-27T19:12:34.338-03:00  INFO 13108 --- [           main] c.donn.stefany.StefanyApplicationTests   : Started StefanyApplicationTests in 13.039 seconds (process running for 14.681)
]]></system-out>
  </testcase>
</testsuite>